[debug] [2022-09-06T00:49:11.338Z] ----------------------------------------------------------------------
[debug] [2022-09-06T00:49:11.340Z] Command:       /usr/local/Cellar/node/16.4.1/bin/node /usr/local/bin/firebase deploy
[debug] [2022-09-06T00:49:11.340Z] CLI Version:   8.4.2
[debug] [2022-09-06T00:49:11.340Z] Platform:      darwin
[debug] [2022-09-06T00:49:11.340Z] Node Version:  v16.4.1
[debug] [2022-09-06T00:49:11.341Z] Time:          Mon Sep 05 2022 17:49:11 GMT-0700 (Pacific Daylight Time)
[debug] [2022-09-06T00:49:11.342Z] ----------------------------------------------------------------------
[debug] [2022-09-06T00:49:11.342Z] 
[debug] [2022-09-06T00:49:11.354Z] > command requires scopes: ["email","openid","https://www.googleapis.com/auth/cloudplatformprojects.readonly","https://www.googleapis.com/auth/firebase","https://www.googleapis.com/auth/cloud-platform"]
[debug] [2022-09-06T00:49:11.354Z] > authorizing via signed-in user
[debug] [2022-09-06T00:49:11.354Z] [iam] checking project zoan-fruit for permissions ["firebase.projects.get","firebasehosting.sites.update"]
[debug] [2022-09-06T00:49:11.355Z] > refreshing access token with scopes: ["email","https://www.googleapis.com/auth/cloud-platform","https://www.googleapis.com/auth/cloudplatformprojects.readonly","https://www.googleapis.com/auth/firebase","openid"]
[debug] [2022-09-06T00:49:11.356Z] >>> HTTP REQUEST POST https://www.googleapis.com/oauth2/v3/token  
 <request body omitted>
[debug] [2022-09-06T00:49:11.667Z] <<< HTTP RESPONSE 200 {"date":"Tue, 06 Sep 2022 00:49:11 GMT","cache-control":"no-cache, no-store, max-age=0, must-revalidate","expires":"Mon, 01 Jan 1990 00:00:00 GMT","pragma":"no-cache","content-type":"application/json; charset=utf-8","vary":"X-Origin, Referer, Origin,Accept-Encoding","server":"scaffolding on HTTPServer2","x-xss-protection":"0","x-frame-options":"SAMEORIGIN","x-content-type-options":"nosniff","alt-svc":"h3=\":443\"; ma=2592000,h3-29=\":443\"; ma=2592000,h3-Q050=\":443\"; ma=2592000,h3-Q046=\":443\"; ma=2592000,h3-Q043=\":443\"; ma=2592000,quic=\":443\"; ma=2592000; v=\"46,43\"","accept-ranges":"none","transfer-encoding":"chunked"}
[debug] [2022-09-06T00:49:11.693Z] >>> HTTP REQUEST POST https://cloudresourcemanager.googleapis.com/v1/projects/zoan-fruit:testIamPermissions  
 {"permissions":["firebase.projects.get","firebasehosting.sites.update"]}
[debug] [2022-09-06T00:49:12.053Z] <<< HTTP RESPONSE 200 {"content-type":"application/json; charset=UTF-8","vary":"X-Origin, Referer, Origin,Accept-Encoding","date":"Tue, 06 Sep 2022 00:49:12 GMT","server":"ESF","cache-control":"private","x-xss-protection":"0","x-frame-options":"SAMEORIGIN","x-content-type-options":"nosniff","server-timing":"gfet4t7; dur=100","alt-svc":"h3=\":443\"; ma=2592000,h3-29=\":443\"; ma=2592000,h3-Q050=\":443\"; ma=2592000,h3-Q046=\":443\"; ma=2592000,h3-Q043=\":443\"; ma=2592000,quic=\":443\"; ma=2592000; v=\"46,43\"","accept-ranges":"none","transfer-encoding":"chunked"}
[debug] [2022-09-06T00:49:12.057Z] >>> HTTP REQUEST GET https://firebase.googleapis.com/v1beta1/projects/zoan-fruit  
 
[debug] [2022-09-06T00:49:12.376Z] <<< HTTP RESPONSE 200 {"content-type":"application/json; charset=UTF-8","vary":"X-Origin, Referer, Origin,Accept-Encoding","date":"Tue, 06 Sep 2022 00:49:12 GMT","server":"ESF","cache-control":"private","x-xss-protection":"0","x-frame-options":"SAMEORIGIN","x-content-type-options":"nosniff","alt-svc":"h3=\":443\"; ma=2592000,h3-29=\":443\"; ma=2592000,h3-Q050=\":443\"; ma=2592000,h3-Q046=\":443\"; ma=2592000,h3-Q043=\":443\"; ma=2592000,quic=\":443\"; ma=2592000; v=\"46,43\"","accept-ranges":"none","transfer-encoding":"chunked"}
[info] 
[info] === Deploying to 'zoan-fruit'...
[info] 
[info] i  deploying hosting 
[debug] [2022-09-06T00:49:12.382Z] >>> HTTP REQUEST POST https://firebasehosting.googleapis.com/v1beta1/sites/zoan-fruit/versions  
 {"config":{},"labels":{"deployment-tool":"cli-firebase"}}
[debug] [2022-09-06T00:49:13.370Z] <<< HTTP RESPONSE 200 {"content-type":"application/json; charset=UTF-8","vary":"X-Origin, Referer, Origin,Accept-Encoding","date":"Tue, 06 Sep 2022 00:49:13 GMT","server":"ESF","cache-control":"private","x-xss-protection":"0","x-frame-options":"SAMEORIGIN","x-content-type-options":"nosniff","alt-svc":"h3=\":443\"; ma=2592000,h3-29=\":443\"; ma=2592000,h3-Q050=\":443\"; ma=2592000,h3-Q046=\":443\"; ma=2592000,h3-Q043=\":443\"; ma=2592000,quic=\":443\"; ma=2592000; v=\"46,43\"","accept-ranges":"none","transfer-encoding":"chunked"}
[info] i  hosting[zoan-fruit]: beginning deploy... 
[info] i  hosting[zoan-fruit]: found 15 files in build 
[debug] [2022-09-06T00:49:14.093Z] [hosting] hash cache [YnVpbGQ] stored for 15 files
[debug] [2022-09-06T00:49:14.094Z] [hosting][hash queue][FINAL] {"max":700,"min":10,"avg":64.13333333333334,"active":0,"complete":15,"success":15,"errored":0,"retried":0,"total":15,"elapsed":707}
[debug] [2022-09-06T00:49:14.094Z] >>> HTTP REQUEST POST https://firebasehosting.googleapis.com/v1beta1/sites/zoan-fruit/versions/35b6e51147e7216b:populateFiles  
 <request body omitted>
[debug] [2022-09-06T00:49:14.659Z] <<< HTTP RESPONSE 200 {"content-type":"application/json; charset=UTF-8","vary":"X-Origin, Referer, Origin,Accept-Encoding","date":"Tue, 06 Sep 2022 00:49:14 GMT","server":"ESF","cache-control":"private","x-xss-protection":"0","x-frame-options":"SAMEORIGIN","x-content-type-options":"nosniff","alt-svc":"h3=\":443\"; ma=2592000,h3-29=\":443\"; ma=2592000,h3-Q050=\":443\"; ma=2592000,h3-Q046=\":443\"; ma=2592000,h3-Q043=\":443\"; ma=2592000,quic=\":443\"; ma=2592000; v=\"46,43\"","accept-ranges":"none","transfer-encoding":"chunked"}
[debug] [2022-09-06T00:49:14.661Z] [hosting][populate queue][FINAL] {"max":566,"min":566,"avg":566,"active":0,"complete":1,"success":1,"errored":0,"retried":0,"total":1,"elapsed":568}
[debug] [2022-09-06T00:49:14.661Z] [hosting] uploads queued: 7
[debug] [2022-09-06T00:49:19.192Z] [hosting][upload queue][FINAL] {"max":4533,"min":1211,"avg":1729,"active":0,"complete":7,"success":7,"errored":0,"retried":0,"total":7,"elapsed":4533}
[info] ✔  hosting[zoan-fruit]: file upload complete 
[debug] [2022-09-06T00:49:19.194Z] [hosting] deploy completed after 5821ms
[debug] [2022-09-06T00:49:19.394Z] [
  {
    "config": {
      "public": "build",
      "site": "zoan-fruit",
      "ignore": [
        "firebase.json",
        "**/.*",
        "**/node_modules/**"
      ]
    },
    "site": "zoan-fruit",
    "version": "sites/zoan-fruit/versions/35b6e51147e7216b"
  }
]
[info] i  hosting[zoan-fruit]: finalizing version... 
[debug] [2022-09-06T00:49:19.399Z] >>> HTTP REQUEST PATCH https://firebasehosting.googleapis.com/v1beta1/sites/zoan-fruit/versions/35b6e51147e7216b?updateMask=status  
 {"status":"FINALIZED"}
[debug] [2022-09-06T00:49:19.933Z] <<< HTTP RESPONSE 200 {"content-type":"application/json; charset=UTF-8","vary":"X-Origin, Referer, Origin,Accept-Encoding","date":"Tue, 06 Sep 2022 00:49:19 GMT","server":"ESF","cache-control":"private","x-xss-protection":"0","x-frame-options":"SAMEORIGIN","x-content-type-options":"nosniff","alt-svc":"h3=\":443\"; ma=2592000,h3-29=\":443\"; ma=2592000,h3-Q050=\":443\"; ma=2592000,h3-Q046=\":443\"; ma=2592000,h3-Q043=\":443\"; ma=2592000,quic=\":443\"; ma=2592000; v=\"46,43\"","accept-ranges":"none","transfer-encoding":"chunked"}
[debug] [2022-09-06T00:49:19.936Z] [hosting] finalized version for zoan-fruit: {"name":"sites/zoan-fruit/versions/35b6e51147e7216b","status":"FINALIZED","config":{},"labels":{"deployment-tool":"cli-firebase"},"createTime":"2022-09-06T00:49:12.812195Z","createUser":{"email":"KyleSchiller@gmail.com"},"finalizeTime":"2022-09-06T00:49:19.922625Z","finalizeUser":{"email":"KyleSchiller@gmail.com"}}
[info] ✔  hosting[zoan-fruit]: version finalized 
[info] i  hosting[zoan-fruit]: releasing new version... 
[debug] [2022-09-06T00:49:19.937Z] >>> HTTP REQUEST POST https://firebasehosting.googleapis.com/v1beta1/sites/zoan-fruit/releases?version_name=sites/zoan-fruit/versions/35b6e51147e7216b  
 {"message":null}
[debug] [2022-09-06T00:52:54.243Z] Error: read ECONNRESET
    at TLSWrap.onStreamRead (node:internal/stream_base_commons:211:20)
[error] 
[error] Error: Server Error. read ECONNRESET
